
  .   ____          _            __ _ _
 /\\ / ___'_ __ _ _(_)_ __  __ _ \ \ \ \
( ( )\___ | '_ | '_| | '_ \/ _` | \ \ \ \
 \\/  ___)| |_)| | | | | || (_| |  ) ) ) )
  '  |____| .__|_| |_|_| |_\__, | / / / /
 =========|_|==============|___/=/_/_/_/
 :: Spring Boot ::                (v3.2.2)

2026-05-05T20:17:39.076+03:00  INFO 8384 --- [marketplace] [  restartedMain] r.v.marketplace.MarketplaceApplication   : Starting MarketplaceApplication using Java 23.0.1 with PID 8384 (C:\Users\User\Desktop\kyrsahjava\project\marketplace\target\classes started by User in C:\Users\User\Desktop\kyrsahjava\project\marketplace)
2026-05-05T20:17:39.077+03:00  INFO 8384 --- [marketplace] [  restartedMain] r.v.marketplace.MarketplaceApplication   : No active profile set, falling back to 1 default profile: "default"
2026-05-05T20:17:39.125+03:00  INFO 8384 --- [marketplace] [  restartedMain] .e.DevToolsPropertyDefaultsPostProcessor : Devtools property defaults active! Set 'spring.devtools.add-properties' to 'false' to disable
2026-05-05T20:17:39.125+03:00  INFO 8384 --- [marketplace] [  restartedMain] .e.DevToolsPropertyDefaultsPostProcessor : For additional web related logging consider setting the 'logging.level.web' property to 'DEBUG'
2026-05-05T20:17:39.691+03:00  INFO 8384 --- [marketplace] [  restartedMain] .s.d.r.c.RepositoryConfigurationDelegate : Bootstrapping Spring Data JPA repositories in DEFAULT mode.
2026-05-05T20:17:39.761+03:00  INFO 8384 --- [marketplace] [  restartedMain] .s.d.r.c.RepositoryConfigurationDelegate : Finished Spring Data repository scanning in 64 ms. Found 12 JPA repository interfaces.
2026-05-05T20:17:40.272+03:00  INFO 8384 --- [marketplace] [  restartedMain] o.s.b.w.embedded.tomcat.TomcatWebServer  : Tomcat initialized with port 8080 (http)
2026-05-05T20:17:40.288+03:00  INFO 8384 --- [marketplace] [  restartedMain] o.apache.catalina.core.StandardService   : Starting service [Tomcat]
2026-05-05T20:17:40.288+03:00  INFO 8384 --- [marketplace] [  restartedMain] o.apache.catalina.core.StandardEngine    : Starting Servlet engine: [Apache Tomcat/10.1.18]
2026-05-05T20:17:40.342+03:00  INFO 8384 --- [marketplace] [  restartedMain] o.a.c.c.C.[Tomcat].[localhost].[/]       : Initializing Spring embedded WebApplicationContext
2026-05-05T20:17:40.343+03:00  INFO 8384 --- [marketplace] [  restartedMain] w.s.c.ServletWebServerApplicationContext : Root WebApplicationContext: initialization completed in 1217 ms
2026-05-05T20:17:40.478+03:00  INFO 8384 --- [marketplace] [  restartedMain] o.hibernate.jpa.internal.util.LogHelper  : HHH000204: Processing PersistenceUnitInfo [name: default]
2026-05-05T20:17:40.522+03:00  INFO 8384 --- [marketplace] [  restartedMain] org.hibernate.Version                    : HHH000412: Hibernate ORM core version 6.4.1.Final
2026-05-05T20:17:40.547+03:00  INFO 8384 --- [marketplace] [  restartedMain] o.h.c.internal.RegionFactoryInitiator    : HHH000026: Second-level cache disabled
2026-05-05T20:17:40.742+03:00  INFO 8384 --- [marketplace] [  restartedMain] o.s.o.j.p.SpringPersistenceUnitInfo      : No LoadTimeWeaver setup: ignoring JPA class transformer
2026-05-05T20:17:40.769+03:00  INFO 8384 --- [marketplace] [  restartedMain] com.zaxxer.hikari.HikariDataSource       : HikariPool-1 - Starting...
2026-05-05T20:17:40.908+03:00  INFO 8384 --- [marketplace] [  restartedMain] com.zaxxer.hikari.pool.HikariPool        : HikariPool-1 - Added connection com.mysql.cj.jdbc.ConnectionImpl@69b04f06
2026-05-05T20:17:40.910+03:00  INFO 8384 --- [marketplace] [  restartedMain] com.zaxxer.hikari.HikariDataSource       : HikariPool-1 - Start completed.
2026-05-05T20:17:40.950+03:00  WARN 8384 --- [marketplace] [  restartedMain] org.hibernate.orm.deprecation            : HHH90000025: MySQLDialect does not need to be specified explicitly using 'hibernate.dialect' (remove the property setting and it will be selected by default)
2026-05-05T20:17:42.016+03:00  INFO 8384 --- [marketplace] [  restartedMain] o.h.e.t.j.p.i.JtaPlatformInitiator       : HHH000489: No JTA platform available (set 'hibernate.transaction.jta.platform' to enable JTA platform integration)
2026-05-05T20:17:42.128+03:00  INFO 8384 --- [marketplace] [  restartedMain] j.LocalContainerEntityManagerFactoryBean : Initialized JPA EntityManagerFactory for persistence unit 'default'
2026-05-05T20:17:42.453+03:00  INFO 8384 --- [marketplace] [  restartedMain] o.s.d.j.r.query.QueryEnhancerFactory     : Hibernate is in classpath; If applicable, HQL parser will be used.
2026-05-05T20:17:43.317+03:00  WARN 8384 --- [marketplace] [  restartedMain] JpaBaseConfiguration$JpaWebConfiguration : spring.jpa.open-in-view is enabled by default. Therefore, database queries may be performed during view rendering. Explicitly configure spring.jpa.open-in-view to disable this warning
2026-05-05T20:17:43.407+03:00  INFO 8384 --- [marketplace] [  restartedMain] o.s.b.a.w.s.WelcomePageHandlerMapping    : Adding welcome page template: index
2026-05-05T20:17:43.569+03:00  INFO 8384 --- [marketplace] [  restartedMain] o.s.s.web.DefaultSecurityFilterChain     : Will secure any request with [org.springframework.security.web.session.DisableEncodeUrlFilter@582f3302, org.springframework.security.web.context.request.async.WebAsyncManagerIntegrationFilter@57ef2faa, org.springframework.security.web.context.SecurityContextHolderFilter@3079baf, org.springframework.security.web.header.HeaderWriterFilter@48b11368, org.springframework.web.filter.CorsFilter@356f13cc, org.springframework.security.web.authentication.logout.LogoutFilter@2cf24d03, org.springframework.security.web.authentication.UsernamePasswordAuthenticationFilter@68cce065, org.springframework.security.web.savedrequest.RequestCacheAwareFilter@c36d2de, org.springframework.security.web.servletapi.SecurityContextHolderAwareRequestFilter@3055fd0, org.springframework.security.web.authentication.rememberme.RememberMeAuthenticationFilter@28719c75, org.springframework.security.web.authentication.AnonymousAuthenticationFilter@11d9b320, org.springframework.security.web.access.ExceptionTranslationFilter@50f81c41, org.springframework.security.web.access.intercept.AuthorizationFilter@3fc9fced]
2026-05-05T20:17:43.788+03:00  INFO 8384 --- [marketplace] [  restartedMain] o.s.b.d.a.OptionalLiveReloadServer       : LiveReload server is running on port 35729
2026-05-05T20:17:43.815+03:00  INFO 8384 --- [marketplace] [  restartedMain] o.s.b.w.embedded.tomcat.TomcatWebServer  : Tomcat started on port 8080 (http) with context path ''
2026-05-05T20:17:43.822+03:00  INFO 8384 --- [marketplace] [  restartedMain] r.v.marketplace.MarketplaceApplication   : Started MarketplaceApplication in 5.042 seconds (process running for 5.427)
2026-05-05T20:17:43.924+03:00 DEBUG 8384 --- [marketplace] [  restartedMain] org.hibernate.SQL                        : 
    /* <criteria> */ select
        u1_0.id,
        u1_0.active,
        u1_0.bio,
        u1_0.email,
        u1_0.password_hash,
        u1_0.profile_pic,
        u1_0.registered_at,
        u1_0.role,
        u1_0.username 
    from
        users u1_0 
    where
        u1_0.username=?
Hibernate: 
    /* <criteria> */ select
        u1_0.id,
        u1_0.active,
        u1_0.bio,
        u1_0.email,
        u1_0.password_hash,
        u1_0.profile_pic,
        u1_0.registered_at,
        u1_0.role,
        u1_0.username 
    from
        users u1_0 
    where
        u1_0.username=?
2026-05-05T20:17:43.925+03:00 TRACE 8384 --- [marketplace] [  restartedMain] org.hibernate.orm.jdbc.bind              : binding parameter (1:VARCHAR) <- [admin]
2026-05-05T20:17:44.032+03:00 DEBUG 8384 --- [marketplace] [  restartedMain] org.hibernate.SQL                        : 
    select
        u1_0.id,
        u1_0.active,
        u1_0.bio,
        u1_0.email,
        u1_0.password_hash,
        u1_0.profile_pic,
        u1_0.registered_at,
        u1_0.role,
        u1_0.username 
    from
        users u1_0 
    where
        u1_0.id=?
Hibernate: 
    select
        u1_0.id,
        u1_0.active,
        u1_0.bio,
        u1_0.email,
        u1_0.password_hash,
        u1_0.profile_pic,
        u1_0.registered_at,
        u1_0.role,
        u1_0.username 
    from
        users u1_0 
    where
        u1_0.id=?
2026-05-05T20:17:44.032+03:00 TRACE 8384 --- [marketplace] [  restartedMain] org.hibernate.orm.jdbc.bind              : binding parameter (1:INTEGER) <- [1]
2026-05-05T20:17:44.051+03:00 DEBUG 8384 --- [marketplace] [  restartedMain] org.hibernate.SQL                        : 
    /* update
        for ru.vlsu.marketplace.entities.User */update users 
    set
        active=?,
        bio=?,
        email=?,
        password_hash=?,
        profile_pic=?,
        registered_at=?,
        role=?,
        username=? 
    where
        id=?
Hibernate: 
    /* update
        for ru.vlsu.marketplace.entities.User */update users 
    set
        active=?,
        bio=?,
        email=?,
        password_hash=?,
        profile_pic=?,
        registered_at=?,
        role=?,
        username=? 
    where
        id=?
2026-05-05T20:17:44.052+03:00 TRACE 8384 --- [marketplace] [  restartedMain] org.hibernate.orm.jdbc.bind              : binding parameter (1:BOOLEAN) <- [true]
2026-05-05T20:17:44.053+03:00 TRACE 8384 --- [marketplace] [  restartedMain] org.hibernate.orm.jdbc.bind              : binding parameter (2:VARCHAR) <- [null]
2026-05-05T20:17:44.053+03:00 TRACE 8384 --- [marketplace] [  restartedMain] org.hibernate.orm.jdbc.bind              : binding parameter (3:VARCHAR) <- [admin@marketplace.ru]
2026-05-05T20:17:44.053+03:00 TRACE 8384 --- [marketplace] [  restartedMain] org.hibernate.orm.jdbc.bind              : binding parameter (4:VARCHAR) <- [$2a$10$kk6h7Tp1QG5uu2Ocrb98Lezkl7/3PfHupPs4kFFoHhxWU7bQzRyii]
2026-05-05T20:17:44.053+03:00 TRACE 8384 --- [marketplace] [  restartedMain] org.hibernate.orm.jdbc.bind              : binding parameter (5:BLOB) <- [null]
2026-05-05T20:17:44.053+03:00 TRACE 8384 --- [marketplace] [  restartedMain] org.hibernate.orm.jdbc.bind              : binding parameter (6:TIMESTAMP_UTC) <- [2026-04-06T17:53:14Z]
2026-05-05T20:17:44.053+03:00 TRACE 8384 --- [marketplace] [  restartedMain] org.hibernate.orm.jdbc.bind              : binding parameter (7:ENUM) <- [admin]
2026-05-05T20:17:44.053+03:00 TRACE 8384 --- [marketplace] [  restartedMain] org.hibernate.orm.jdbc.bind              : binding parameter (8:VARCHAR) <- [admin]
2026-05-05T20:17:44.053+03:00 TRACE 8384 --- [marketplace] [  restartedMain] org.hibernate.orm.jdbc.bind              : binding parameter (9:INTEGER) <- [1]
2026-05-05T20:17:44.061+03:00 DEBUG 8384 --- [marketplace] [  restartedMain] org.hibernate.SQL                        : 
    /* <criteria> */ select
        b1_0.id,
        b1_0.description,
        b1_0.logo,
        b1_0.name 
    from
        brands b1_0 
    where
        b1_0.name=?
Hibernate: 
    /* <criteria> */ select
        b1_0.id,
        b1_0.description,
        b1_0.logo,
        b1_0.name 
    from
        brands b1_0 
    where
        b1_0.name=?
2026-05-05T20:17:44.061+03:00 TRACE 8384 --- [marketplace] [  restartedMain] org.hibernate.orm.jdbc.bind              : binding parameter (1:VARCHAR) <- [Nike]
2026-05-05T20:17:44.065+03:00 DEBUG 8384 --- [marketplace] [  restartedMain] org.hibernate.SQL                        : 
    /* <criteria> */ select
        b1_0.id,
        b1_0.description,
        b1_0.logo,
        b1_0.name 
    from
        brands b1_0 
    where
        b1_0.name=?
Hibernate: 
    /* <criteria> */ select
        b1_0.id,
        b1_0.description,
        b1_0.logo,
        b1_0.name 
    from
        brands b1_0 
    where
        b1_0.name=?
2026-05-05T20:17:44.065+03:00 TRACE 8384 --- [marketplace] [  restartedMain] org.hibernate.orm.jdbc.bind              : binding parameter (1:VARCHAR) <- [Adidas]
2026-05-05T20:17:44.067+03:00 DEBUG 8384 --- [marketplace] [  restartedMain] org.hibernate.SQL                        : 
    /* <criteria> */ select
        b1_0.id,
        b1_0.description,
        b1_0.logo,
        b1_0.name 
    from
        brands b1_0 
    where
        b1_0.name=?
Hibernate: 
    /* <criteria> */ select
        b1_0.id,
        b1_0.description,
        b1_0.logo,
        b1_0.name 
    from
        brands b1_0 
    where
        b1_0.name=?
2026-05-05T20:17:44.067+03:00 TRACE 8384 --- [marketplace] [  restartedMain] org.hibernate.orm.jdbc.bind              : binding parameter (1:VARCHAR) <- [Apple]
2026-05-05T20:17:44.068+03:00 DEBUG 8384 --- [marketplace] [  restartedMain] org.hibernate.SQL                        : 
    /* <criteria> */ select
        b1_0.id,
        b1_0.description,
        b1_0.logo,
        b1_0.name 
    from
        brands b1_0 
    where
        b1_0.name=?
Hibernate: 
    /* <criteria> */ select
        b1_0.id,
        b1_0.description,
        b1_0.logo,
        b1_0.name 
    from
        brands b1_0 
    where
        b1_0.name=?
2026-05-05T20:17:44.069+03:00 TRACE 8384 --- [marketplace] [  restartedMain] org.hibernate.orm.jdbc.bind              : binding parameter (1:VARCHAR) <- [Sony]
2026-05-05T20:17:44.070+03:00 DEBUG 8384 --- [marketplace] [  restartedMain] org.hibernate.SQL                        : 
    /* <criteria> */ select
        b1_0.id,
        b1_0.description,
        b1_0.logo,
        b1_0.name 
    from
        brands b1_0 
    where
        b1_0.name=?
Hibernate: 
    /* <criteria> */ select
        b1_0.id,
        b1_0.description,
        b1_0.logo,
        b1_0.name 
    from
        brands b1_0 
    where
        b1_0.name=?
2026-05-05T20:17:44.070+03:00 TRACE 8384 --- [marketplace] [  restartedMain] org.hibernate.orm.jdbc.bind              : binding parameter (1:VARCHAR) <- [Casio]
2026-05-05T20:17:44.072+03:00 DEBUG 8384 --- [marketplace] [  restartedMain] org.hibernate.SQL                        : 
    /* <criteria> */ select
        b1_0.id,
        b1_0.description,
        b1_0.logo,
        b1_0.name 
    from
        brands b1_0 
    where
        b1_0.name=?
Hibernate: 
    /* <criteria> */ select
        b1_0.id,
        b1_0.description,
        b1_0.logo,
        b1_0.name 
    from
        brands b1_0 
    where
        b1_0.name=?
2026-05-05T20:17:44.072+03:00 TRACE 8384 --- [marketplace] [  restartedMain] org.hibernate.orm.jdbc.bind              : binding parameter (1:VARCHAR) <- [Dr. Martens]
2026-05-05T20:17:44.073+03:00 DEBUG 8384 --- [marketplace] [  restartedMain] org.hibernate.SQL                        : 
    /* <criteria> */ select
        b1_0.id,
        b1_0.description,
        b1_0.logo,
        b1_0.name 
    from
        brands b1_0 
    where
        b1_0.name=?
Hibernate: 
    /* <criteria> */ select
        b1_0.id,
        b1_0.description,
        b1_0.logo,
        b1_0.name 
    from
        brands b1_0 
    where
        b1_0.name=?
2026-05-05T20:17:44.074+03:00 TRACE 8384 --- [marketplace] [  restartedMain] org.hibernate.orm.jdbc.bind              : binding parameter (1:VARCHAR) <- [Balenciaga]
2026-05-05T20:17:44.075+03:00 DEBUG 8384 --- [marketplace] [  restartedMain] org.hibernate.SQL                        : 
    /* <criteria> */ select
        b1_0.id,
        b1_0.description,
        b1_0.logo,
        b1_0.name 
    from
        brands b1_0 
    where
        b1_0.name=?
Hibernate: 
    /* <criteria> */ select
        b1_0.id,
        b1_0.description,
        b1_0.logo,
        b1_0.name 
    from
        brands b1_0 
    where
        b1_0.name=?
2026-05-05T20:17:44.075+03:00 TRACE 8384 --- [marketplace] [  restartedMain] org.hibernate.orm.jdbc.bind              : binding parameter (1:VARCHAR) <- [Chrome Hearts]
2026-05-05T20:17:44.077+03:00 DEBUG 8384 --- [marketplace] [  restartedMain] org.hibernate.SQL                        : 
    /* <criteria> */ select
        b1_0.id,
        b1_0.description,
        b1_0.logo,
        b1_0.name 
    from
        brands b1_0 
    where
        b1_0.name=?
Hibernate: 
    /* <criteria> */ select
        b1_0.id,
        b1_0.description,
        b1_0.logo,
        b1_0.name 
    from
        brands b1_0 
    where
        b1_0.name=?
2026-05-05T20:17:44.077+03:00 TRACE 8384 --- [marketplace] [  restartedMain] org.hibernate.orm.jdbc.bind              : binding parameter (1:VARCHAR) <- [Без бренда]
2026-05-05T20:17:44.085+03:00 DEBUG 8384 --- [marketplace] [  restartedMain] org.hibernate.SQL                        : 
    /* select
        count(*) 
    from
        Product x */ select
            count(*) 
        from
            products p1_0
Hibernate: 
    /* select
        count(*) 
    from
        Product x */ select
            count(*) 
        from
            products p1_0
2026-05-05T20:18:02.969+03:00  INFO 8384 --- [marketplace] [nio-8080-exec-1] o.a.c.c.C.[Tomcat].[localhost].[/]       : Initializing Spring DispatcherServlet 'dispatcherServlet'
2026-05-05T20:18:02.969+03:00  INFO 8384 --- [marketplace] [nio-8080-exec-1] o.s.web.servlet.DispatcherServlet        : Initializing Servlet 'dispatcherServlet'
2026-05-05T20:18:02.970+03:00  INFO 8384 --- [marketplace] [nio-8080-exec-1] o.s.web.servlet.DispatcherServlet        : Completed initialization in 1 ms
2026-05-05T20:18:25.680+03:00 DEBUG 8384 --- [marketplace] [nio-8080-exec-2] org.hibernate.SQL                        : 
    /* <criteria> */ select
        u1_0.id,
        u1_0.active,
        u1_0.bio,
        u1_0.email,
        u1_0.password_hash,
        u1_0.profile_pic,
        u1_0.registered_at,
        u1_0.role,
        u1_0.username 
    from
        users u1_0 
    where
        u1_0.email=?
Hibernate: 
    /* <criteria> */ select
        u1_0.id,
        u1_0.active,
        u1_0.bio,
        u1_0.email,
        u1_0.password_hash,
        u1_0.profile_pic,
        u1_0.registered_at,
        u1_0.role,
        u1_0.username 
    from
        users u1_0 
    where
        u1_0.email=?
2026-05-05T20:18:25.681+03:00 TRACE 8384 --- [marketplace] [nio-8080-exec-2] org.hibernate.orm.jdbc.bind              : binding parameter (1:VARCHAR) <- [admin]
2026-05-05T20:18:25.683+03:00 DEBUG 8384 --- [marketplace] [nio-8080-exec-2] org.hibernate.SQL                        : 
    /* <criteria> */ select
        u1_0.id,
        u1_0.active,
        u1_0.bio,
        u1_0.email,
        u1_0.password_hash,
        u1_0.profile_pic,
        u1_0.registered_at,
        u1_0.role,
        u1_0.username 
    from
        users u1_0 
    where
        u1_0.username=?
Hibernate: 
    /* <criteria> */ select
        u1_0.id,
        u1_0.active,
        u1_0.bio,
        u1_0.email,
        u1_0.password_hash,
        u1_0.profile_pic,
        u1_0.registered_at,
        u1_0.role,
        u1_0.username 
    from
        users u1_0 
    where
        u1_0.username=?
2026-05-05T20:18:25.683+03:00 TRACE 8384 --- [marketplace] [nio-8080-exec-2] org.hibernate.orm.jdbc.bind              : binding parameter (1:VARCHAR) <- [admin]
2026-05-05T20:18:25.815+03:00  INFO 8384 --- [marketplace] [nio-8080-exec-3] r.v.m.services.ExperimentRunner          : === exp1: TRANSACTIONAL, both succeed ===
2026-05-05T20:18:25.820+03:00 DEBUG 8384 --- [marketplace] [nio-8080-exec-3] org.hibernate.SQL                        : 
    /* insert for
        ru.vlsu.marketplace.entities.ExperimentData */insert 
    into
        experiment_data (created_at, value) 
    values
        (?, ?)
Hibernate: 
    /* insert for
        ru.vlsu.marketplace.entities.ExperimentData */insert 
    into
        experiment_data (created_at, value) 
    values
        (?, ?)
2026-05-05T20:18:25.821+03:00 TRACE 8384 --- [marketplace] [nio-8080-exec-3] org.hibernate.orm.jdbc.bind              : binding parameter (1:TIMESTAMP_UTC) <- [2026-05-05T17:18:25.816877100Z]
2026-05-05T20:18:25.821+03:00 TRACE 8384 --- [marketplace] [nio-8080-exec-3] org.hibernate.orm.jdbc.bind              : binding parameter (2:VARCHAR) <- [from-me1 [exp1]]
2026-05-05T20:18:25.830+03:00 DEBUG 8384 --- [marketplace] [nio-8080-exec-3] org.hibernate.SQL                        : 
    /* insert for
        ru.vlsu.marketplace.entities.ExperimentLog */insert 
    into
        experiment_log (created_at, experiment, message, method_name, status) 
    values
        (?, ?, ?, ?, ?)
Hibernate: 
    /* insert for
        ru.vlsu.marketplace.entities.ExperimentLog */insert 
    into
        experiment_log (created_at, experiment, message, method_name, status) 
    values
        (?, ?, ?, ?, ?)
2026-05-05T20:18:25.831+03:00 TRACE 8384 --- [marketplace] [nio-8080-exec-3] org.hibernate.orm.jdbc.bind              : binding parameter (1:TIMESTAMP_UTC) <- [2026-05-05T17:18:25.830877400Z]
2026-05-05T20:18:25.831+03:00 TRACE 8384 --- [marketplace] [nio-8080-exec-3] org.hibernate.orm.jdbc.bind              : binding parameter (2:VARCHAR) <- [exp1]
2026-05-05T20:18:25.831+03:00 TRACE 8384 --- [marketplace] [nio-8080-exec-3] org.hibernate.orm.jdbc.bind              : binding parameter (3:VARCHAR) <- [INSERT experiment_data id=1]
2026-05-05T20:18:25.831+03:00 TRACE 8384 --- [marketplace] [nio-8080-exec-3] org.hibernate.orm.jdbc.bind              : binding parameter (4:VARCHAR) <- [me1]
2026-05-05T20:18:25.831+03:00 TRACE 8384 --- [marketplace] [nio-8080-exec-3] org.hibernate.orm.jdbc.bind              : binding parameter (5:ENUM) <- [SUCCESS]
2026-05-05T20:18:25.834+03:00  INFO 8384 --- [marketplace] [nio-8080-exec-3] r.v.m.services.ExperimentService         : [exp1] me1 -> SUCCESS, inserted id=1
2026-05-05T20:18:25.835+03:00 DEBUG 8384 --- [marketplace] [nio-8080-exec-3] org.hibernate.SQL                        : 
    /* insert for
        ru.vlsu.marketplace.entities.ExperimentData */insert 
    into
        experiment_data (created_at, value) 
    values
        (?, ?)
Hibernate: 
    /* insert for
        ru.vlsu.marketplace.entities.ExperimentData */insert 
    into
        experiment_data (created_at, value) 
    values
        (?, ?)
2026-05-05T20:18:25.835+03:00 TRACE 8384 --- [marketplace] [nio-8080-exec-3] org.hibernate.orm.jdbc.bind              : binding parameter (1:TIMESTAMP_UTC) <- [2026-05-05T17:18:25.835880100Z]
2026-05-05T20:18:25.835+03:00 TRACE 8384 --- [marketplace] [nio-8080-exec-3] org.hibernate.orm.jdbc.bind              : binding parameter (2:VARCHAR) <- [from-me2 [exp1]]
2026-05-05T20:18:25.836+03:00  INFO 8384 --- [marketplace] [nio-8080-exec-3] r.v.m.services.ExperimentService         : [exp1] me2 -> inserted id=2, shouldFail=false
2026-05-05T20:18:25.837+03:00 DEBUG 8384 --- [marketplace] [nio-8080-exec-3] org.hibernate.SQL                        : 
    /* insert for
        ru.vlsu.marketplace.entities.ExperimentLog */insert 
    into
        experiment_log (created_at, experiment, message, method_name, status) 
    values
        (?, ?, ?, ?, ?)
Hibernate: 
    /* insert for
        ru.vlsu.marketplace.entities.ExperimentLog */insert 
    into
        experiment_log (created_at, experiment, message, method_name, status) 
    values
        (?, ?, ?, ?, ?)
2026-05-05T20:18:25.838+03:00 TRACE 8384 --- [marketplace] [nio-8080-exec-3] org.hibernate.orm.jdbc.bind              : binding parameter (1:TIMESTAMP_UTC) <- [2026-05-05T17:18:25.837878Z]
2026-05-05T20:18:25.838+03:00 TRACE 8384 --- [marketplace] [nio-8080-exec-3] org.hibernate.orm.jdbc.bind              : binding parameter (2:VARCHAR) <- [exp1]
2026-05-05T20:18:25.838+03:00 TRACE 8384 --- [marketplace] [nio-8080-exec-3] org.hibernate.orm.jdbc.bind              : binding parameter (3:VARCHAR) <- [INSERT experiment_data id=2]
2026-05-05T20:18:25.838+03:00 TRACE 8384 --- [marketplace] [nio-8080-exec-3] org.hibernate.orm.jdbc.bind              : binding parameter (4:VARCHAR) <- [me2]
2026-05-05T20:18:25.838+03:00 TRACE 8384 --- [marketplace] [nio-8080-exec-3] org.hibernate.orm.jdbc.bind              : binding parameter (5:ENUM) <- [SUCCESS]
2026-05-05T20:18:25.997+03:00  INFO 8384 --- [marketplace] [nio-8080-exec-6] r.v.m.services.ExperimentRunner          : === exp2: TRANSACTIONAL, me2 fails -> rollback ===
2026-05-05T20:18:25.997+03:00 DEBUG 8384 --- [marketplace] [nio-8080-exec-6] org.hibernate.SQL                        : 
    /* insert for
        ru.vlsu.marketplace.entities.ExperimentData */insert 
    into
        experiment_data (created_at, value) 
    values
        (?, ?)
Hibernate: 
    /* insert for
        ru.vlsu.marketplace.entities.ExperimentData */insert 
    into
        experiment_data (created_at, value) 
    values
        (?, ?)
2026-05-05T20:18:25.998+03:00 TRACE 8384 --- [marketplace] [nio-8080-exec-6] org.hibernate.orm.jdbc.bind              : binding parameter (1:TIMESTAMP_UTC) <- [2026-05-05T17:18:25.997877800Z]
2026-05-05T20:18:25.998+03:00 TRACE 8384 --- [marketplace] [nio-8080-exec-6] org.hibernate.orm.jdbc.bind              : binding parameter (2:VARCHAR) <- [from-me1 [exp2]]
2026-05-05T20:18:25.999+03:00 DEBUG 8384 --- [marketplace] [nio-8080-exec-6] org.hibernate.SQL                        : 
    /* insert for
        ru.vlsu.marketplace.entities.ExperimentLog */insert 
    into
        experiment_log (created_at, experiment, message, method_name, status) 
    values
        (?, ?, ?, ?, ?)
Hibernate: 
    /* insert for
        ru.vlsu.marketplace.entities.ExperimentLog */insert 
    into
        experiment_log (created_at, experiment, message, method_name, status) 
    values
        (?, ?, ?, ?, ?)
2026-05-05T20:18:25.999+03:00 TRACE 8384 --- [marketplace] [nio-8080-exec-6] org.hibernate.orm.jdbc.bind              : binding parameter (1:TIMESTAMP_UTC) <- [2026-05-05T17:18:25.999878300Z]
2026-05-05T20:18:25.999+03:00 TRACE 8384 --- [marketplace] [nio-8080-exec-6] org.hibernate.orm.jdbc.bind              : binding parameter (2:VARCHAR) <- [exp2]
2026-05-05T20:18:25.999+03:00 TRACE 8384 --- [marketplace] [nio-8080-exec-6] org.hibernate.orm.jdbc.bind              : binding parameter (3:VARCHAR) <- [INSERT experiment_data id=3]
2026-05-05T20:18:25.999+03:00 TRACE 8384 --- [marketplace] [nio-8080-exec-6] org.hibernate.orm.jdbc.bind              : binding parameter (4:VARCHAR) <- [me1]
2026-05-05T20:18:25.999+03:00 TRACE 8384 --- [marketplace] [nio-8080-exec-6] org.hibernate.orm.jdbc.bind              : binding parameter (5:ENUM) <- [SUCCESS]
2026-05-05T20:18:26.001+03:00  INFO 8384 --- [marketplace] [nio-8080-exec-6] r.v.m.services.ExperimentService         : [exp2] me1 -> SUCCESS, inserted id=3
2026-05-05T20:18:26.002+03:00 DEBUG 8384 --- [marketplace] [nio-8080-exec-6] org.hibernate.SQL                        : 
    /* insert for
        ru.vlsu.marketplace.entities.ExperimentData */insert 
    into
        experiment_data (created_at, value) 
    values
        (?, ?)
Hibernate: 
    /* insert for
        ru.vlsu.marketplace.entities.ExperimentData */insert 
    into
        experiment_data (created_at, value) 
    values
        (?, ?)
2026-05-05T20:18:26.002+03:00 TRACE 8384 --- [marketplace] [nio-8080-exec-6] org.hibernate.orm.jdbc.bind              : binding parameter (1:TIMESTAMP_UTC) <- [2026-05-05T17:18:26.002878900Z]
2026-05-05T20:18:26.002+03:00 TRACE 8384 --- [marketplace] [nio-8080-exec-6] org.hibernate.orm.jdbc.bind              : binding parameter (2:VARCHAR) <- [from-me2 [exp2]]
2026-05-05T20:18:26.003+03:00  INFO 8384 --- [marketplace] [nio-8080-exec-6] r.v.m.services.ExperimentService         : [exp2] me2 -> inserted id=4, shouldFail=true
2026-05-05T20:18:26.003+03:00 DEBUG 8384 --- [marketplace] [nio-8080-exec-6] org.hibernate.SQL                        : 
    /* insert for
        ru.vlsu.marketplace.entities.ExperimentLog */insert 
    into
        experiment_log (created_at, experiment, message, method_name, status) 
    values
        (?, ?, ?, ?, ?)
Hibernate: 
    /* insert for
        ru.vlsu.marketplace.entities.ExperimentLog */insert 
    into
        experiment_log (created_at, experiment, message, method_name, status) 
    values
        (?, ?, ?, ?, ?)
2026-05-05T20:18:26.004+03:00 TRACE 8384 --- [marketplace] [nio-8080-exec-6] org.hibernate.orm.jdbc.bind              : binding parameter (1:TIMESTAMP_UTC) <- [2026-05-05T17:18:26.003878800Z]
2026-05-05T20:18:26.004+03:00 TRACE 8384 --- [marketplace] [nio-8080-exec-6] org.hibernate.orm.jdbc.bind              : binding parameter (2:VARCHAR) <- [exp2]
2026-05-05T20:18:26.004+03:00 TRACE 8384 --- [marketplace] [nio-8080-exec-6] org.hibernate.orm.jdbc.bind              : binding parameter (3:VARCHAR) <- [INSERT id=4 then RuntimeException]
2026-05-05T20:18:26.004+03:00 TRACE 8384 --- [marketplace] [nio-8080-exec-6] org.hibernate.orm.jdbc.bind              : binding parameter (4:VARCHAR) <- [me2]
2026-05-05T20:18:26.004+03:00 TRACE 8384 --- [marketplace] [nio-8080-exec-6] org.hibernate.orm.jdbc.bind              : binding parameter (5:ENUM) <- [FAILED]
2026-05-05T20:18:26.008+03:00  WARN 8384 --- [marketplace] [nio-8080-exec-6] r.v.m.controllers.ExperimentController   : Experiment 2 failed: Имитация ошибки в me2
2026-05-05T20:18:26.136+03:00  INFO 8384 --- [marketplace] [nio-8080-exec-9] r.v.m.services.ExperimentRunner          : === exp3: NO TRANSACTION, me2 fails -> me1 stays ===
2026-05-05T20:18:26.138+03:00 DEBUG 8384 --- [marketplace] [nio-8080-exec-9] org.hibernate.SQL                        : 
    /* insert for
        ru.vlsu.marketplace.entities.ExperimentData */insert 
    into
        experiment_data (created_at, value) 
    values
        (?, ?)
Hibernate: 
    /* insert for
        ru.vlsu.marketplace.entities.ExperimentData */insert 
    into
        experiment_data (created_at, value) 
    values
        (?, ?)
2026-05-05T20:18:26.138+03:00 TRACE 8384 --- [marketplace] [nio-8080-exec-9] org.hibernate.orm.jdbc.bind              : binding parameter (1:TIMESTAMP_UTC) <- [2026-05-05T17:18:26.137879500Z]
2026-05-05T20:18:26.138+03:00 TRACE 8384 --- [marketplace] [nio-8080-exec-9] org.hibernate.orm.jdbc.bind              : binding parameter (2:VARCHAR) <- [from-me1 [exp3]]
2026-05-05T20:18:26.141+03:00 DEBUG 8384 --- [marketplace] [nio-8080-exec-9] org.hibernate.SQL                        : 
    /* insert for
        ru.vlsu.marketplace.entities.ExperimentLog */insert 
    into
        experiment_log (created_at, experiment, message, method_name, status) 
    values
        (?, ?, ?, ?, ?)
Hibernate: 
    /* insert for
        ru.vlsu.marketplace.entities.ExperimentLog */insert 
    into
        experiment_log (created_at, experiment, message, method_name, status) 
    values
        (?, ?, ?, ?, ?)
2026-05-05T20:18:26.141+03:00 TRACE 8384 --- [marketplace] [nio-8080-exec-9] org.hibernate.orm.jdbc.bind              : binding parameter (1:TIMESTAMP_UTC) <- [2026-05-05T17:18:26.141877700Z]
2026-05-05T20:18:26.141+03:00 TRACE 8384 --- [marketplace] [nio-8080-exec-9] org.hibernate.orm.jdbc.bind              : binding parameter (2:VARCHAR) <- [exp3]
2026-05-05T20:18:26.141+03:00 TRACE 8384 --- [marketplace] [nio-8080-exec-9] org.hibernate.orm.jdbc.bind              : binding parameter (3:VARCHAR) <- [INSERT experiment_data id=5]
2026-05-05T20:18:26.141+03:00 TRACE 8384 --- [marketplace] [nio-8080-exec-9] org.hibernate.orm.jdbc.bind              : binding parameter (4:VARCHAR) <- [me1]
2026-05-05T20:18:26.141+03:00 TRACE 8384 --- [marketplace] [nio-8080-exec-9] org.hibernate.orm.jdbc.bind              : binding parameter (5:ENUM) <- [SUCCESS]
2026-05-05T20:18:26.144+03:00  INFO 8384 --- [marketplace] [nio-8080-exec-9] r.v.m.services.ExperimentService         : [exp3] me1 -> SUCCESS, inserted id=5
2026-05-05T20:18:26.144+03:00 DEBUG 8384 --- [marketplace] [nio-8080-exec-9] org.hibernate.SQL                        : 
    /* insert for
        ru.vlsu.marketplace.entities.ExperimentData */insert 
    into
        experiment_data (created_at, value) 
    values
        (?, ?)
Hibernate: 
    /* insert for
        ru.vlsu.marketplace.entities.ExperimentData */insert 
    into
        experiment_data (created_at, value) 
    values
        (?, ?)
2026-05-05T20:18:26.144+03:00 TRACE 8384 --- [marketplace] [nio-8080-exec-9] org.hibernate.orm.jdbc.bind              : binding parameter (1:TIMESTAMP_UTC) <- [2026-05-05T17:18:26.144877900Z]
2026-05-05T20:18:26.145+03:00 TRACE 8384 --- [marketplace] [nio-8080-exec-9] org.hibernate.orm.jdbc.bind              : binding parameter (2:VARCHAR) <- [from-me2 [exp3]]
2026-05-05T20:18:26.147+03:00  INFO 8384 --- [marketplace] [nio-8080-exec-9] r.v.m.services.ExperimentService         : [exp3] me2 -> inserted id=6, shouldFail=true
2026-05-05T20:18:26.148+03:00 DEBUG 8384 --- [marketplace] [nio-8080-exec-9] org.hibernate.SQL                        : 
    /* insert for
        ru.vlsu.marketplace.entities.ExperimentLog */insert 
    into
        experiment_log (created_at, experiment, message, method_name, status) 
    values
        (?, ?, ?, ?, ?)
Hibernate: 
    /* insert for
        ru.vlsu.marketplace.entities.ExperimentLog */insert 
    into
        experiment_log (created_at, experiment, message, method_name, status) 
    values
        (?, ?, ?, ?, ?)
2026-05-05T20:18:26.148+03:00 TRACE 8384 --- [marketplace] [nio-8080-exec-9] org.hibernate.orm.jdbc.bind              : binding parameter (1:TIMESTAMP_UTC) <- [2026-05-05T17:18:26.147878500Z]
2026-05-05T20:18:26.148+03:00 TRACE 8384 --- [marketplace] [nio-8080-exec-9] org.hibernate.orm.jdbc.bind              : binding parameter (2:VARCHAR) <- [exp3]
2026-05-05T20:18:26.148+03:00 TRACE 8384 --- [marketplace] [nio-8080-exec-9] org.hibernate.orm.jdbc.bind              : binding parameter (3:VARCHAR) <- [INSERT id=6 then RuntimeException]
2026-05-05T20:18:26.148+03:00 TRACE 8384 --- [marketplace] [nio-8080-exec-9] org.hibernate.orm.jdbc.bind              : binding parameter (4:VARCHAR) <- [me2]
2026-05-05T20:18:26.148+03:00 TRACE 8384 --- [marketplace] [nio-8080-exec-9] org.hibernate.orm.jdbc.bind              : binding parameter (5:ENUM) <- [FAILED]
2026-05-05T20:18:26.150+03:00  WARN 8384 --- [marketplace] [nio-8080-exec-9] r.v.m.controllers.ExperimentController   : Experiment 3 failed: Имитация ошибки в me2
[ERROR] Failed to execute goal org.springframework.boot:spring-boot-maven-plugin:3.2.2:run (default-cli) on project marketplace: Process terminated with exit code: -1 -> [Help 1]
[ERROR] 
[ERROR] To see the full stack trace of the errors, re-run Maven with the -e switch.
[ERROR] Re-run Maven using the -X switch to enable full debug logging.
[ERROR] 
[ERROR] For more information about the errors and possible solutions, please read the following articles:
[ERROR] [Help 1] http://cwiki.apache.org/confluence/display/MAVEN/MojoExecutionException
